<?xml version="1.0" encoding="UTF-8"?>
<testsuite xmlns:xsi="http://www.w3.org/2001/XMLSchema-instance" xsi:noNamespaceSchemaLocation="https://maven.apache.org/surefire/maven-surefire-plugin/xsd/surefire-test-report-3.0.xsd" version="3.0" name="persistence.FlightStorageServiceImplTest" time="0.918" tests="1" errors="0" skipped="0" failures="1">
  <properties>
[...]
</properties>
  <testcase name="insertIntoRecurringFlightsFromFlightData_shouldInsertRecordsIntoFlightData" classname="persistence.FlightStorageServiceImplTest" time="0.435">
    <failure message="&#10;Wanted but not invoked:&#10;connection.prepareStatement(&#10;    &quot;SELECT dateOfDeparture, dateOfArrival FROM flightdata WHERE flightid = ?&quot;&#10;);&#10;-&gt; at persistence_module@1.0-SNAPSHOT/persistence.FlightStorageServiceImplTest.insertIntoRecurringFlightsFromFlightData_shouldInsertRecordsIntoFlightData(FlightStorageServiceImplTest.java:67)&#10;Actually, there were zero interactions with this mock.&#10;" type="org.mockito.exceptions.verification.WantedButNotInvoked"><![CDATA[org.mockito.exceptions.verification.WantedButNotInvoked: 

Wanted but not invoked:
connection.prepareStatement(
    "SELECT dateOfDeparture, dateOfArrival FROM flightdata WHERE flightid = ?"
);
-> at persistence_module@1.0-SNAPSHOT/persistence.FlightStorageServiceImplTest.insertIntoRecurringFlightsFromFlightData_shouldInsertRecordsIntoFlightData(FlightStorageServiceImplTest.java:67)
Actually, there were zero interactions with this mock.

	at persistence_module@1.0-SNAPSHOT/persistence.FlightStorageServiceImplTest.insertIntoRecurringFlightsFromFlightData_shouldInsertRecordsIntoFlightData(FlightStorageServiceImplTest.java:67)
]]></failure>
  </testcase>
</testsuite>